<?xml version="1.0" encoding="UTF-8"?>
<!-- Generated by org.testng.reporters.JUnitXMLReporter -->
<testsuite ignored="4" hostname="DESKTOP-35OEF4D" failures="1" tests="1" name="Default test" time="6.428" errors="0" timestamp="2022-10-13T06:06:07 MSK">
  <testcase classname="privacy.demo.Demo" name="verifyData" time="0.01">
    <failure type="java.lang.ClassCastException" message="class org.json.simple.JSONObject cannot be cast to class java.util.List (org.json.simple.JSONObject is in unnamed module of loader &amp;apos;app&amp;apos;; java.util.List is in module java.base of loader &amp;apos;bootstrap&amp;apos;)">
      <![CDATA[java.lang.ClassCastException: class org.json.simple.JSONObject cannot be cast to class java.util.List (org.json.simple.JSONObject is in unnamed module of loader 'app'; java.util.List is in module java.base of loader 'bootstrap')
at privacy.demo.Demo.verifyData(Demo.java:69)
at java.base/jdk.internal.reflect.NativeMethodAccessorImpl.invoke0(Native Method)
at java.base/jdk.internal.reflect.NativeMethodAccessorImpl.invoke(NativeMethodAccessorImpl.java:77)
at java.base/jdk.internal.reflect.DelegatingMethodAccessorImpl.invoke(DelegatingMethodAccessorImpl.java:43)
at java.base/java.lang.reflect.Method.invoke(Method.java:568)
at org.testng.internal.MethodInvocationHelper.invokeMethod(MethodInvocationHelper.java:133)
at org.testng.internal.TestInvoker.invokeMethod(TestInvoker.java:598)
at org.testng.internal.TestInvoker.invokeTestMethod(TestInvoker.java:173)
at org.testng.internal.MethodRunner.runInSequence(MethodRunner.java:46)
at org.testng.internal.TestInvoker$MethodInvocationAgent.invoke(TestInvoker.java:824)
at org.testng.internal.TestInvoker.invokeTestMethods(TestInvoker.java:146)
at org.testng.internal.TestMethodWorker.invokeTestMethods(TestMethodWorker.java:146)
at org.testng.internal.TestMethodWorker.run(TestMethodWorker.java:128)
at java.base/java.util.ArrayList.forEach(ArrayList.java:1511)
at org.testng.TestRunner.privateRun(TestRunner.java:794)
at org.testng.TestRunner.run(TestRunner.java:596)
at org.testng.SuiteRunner.runTest(SuiteRunner.java:377)
at org.testng.SuiteRunner.runSequentially(SuiteRunner.java:371)
at org.testng.SuiteRunner.privateRun(SuiteRunner.java:332)
at org.testng.SuiteRunner.run(SuiteRunner.java:276)
at org.testng.SuiteRunnerWorker.runSuite(SuiteRunnerWorker.java:53)
at org.testng.SuiteRunnerWorker.run(SuiteRunnerWorker.java:96)
at org.testng.TestNG.runSuitesSequentially(TestNG.java:1212)
at org.testng.TestNG.runSuitesLocally(TestNG.java:1134)
at org.testng.TestNG.runSuites(TestNG.java:1063)
at org.testng.TestNG.run(TestNG.java:1031)
at org.testng.remote.AbstractRemoteTestNG.run(AbstractRemoteTestNG.java:115)
at org.testng.remote.RemoteTestNG.initAndRun(RemoteTestNG.java:251)
at org.testng.remote.RemoteTestNG.main(RemoteTestNG.java:77)
]]>
    </failure>
  </testcase> <!-- verifyData -->
  <testcase classname="privacy.demo.Demo" name="verifyAccessToMainPage" time="0.0">
    <ignored/>
  </testcase> <!-- verifyAccessToMainPage -->
  <testcase classname="privacy.demo.Demo" name="verifyAccessToPolicyPage" time="0.0">
    <ignored/>
  </testcase> <!-- verifyAccessToPolicyPage -->
  <testcase classname="privacy.demo.Demo" name="verifyLanguages" time="0.0">
    <ignored/>
  </testcase> <!-- verifyLanguages -->
  <testcase classname="privacy.demo.Demo" name="verifyYear" time="0.0">
    <ignored/>
  </testcase> <!-- verifyYear -->
</testsuite> <!-- Default test -->
